<?xml version="1.0" encoding="UTF-8"?>
<testsuite name="com.example.financetracker.CrashTest" tests="1" skipped="0" failures="0" errors="0" timestamp="2026-09-09T16:25:50.872Z" hostname="asd-ASUS-TUF-Gaming-F16-FX608JMR-FX608JMR" time="1.292">
  <properties/>
  <testcase name="testActivityLaunch" classname="com.example.financetracker.CrashTest" time="1.292"/>
  <system-out><![CDATA[WARNING: No manifest file found at ./AndroidManifest.xml.
Falling back to the Android OS resources only.
To remove this warning, annotate your test class with @Config(manifest=Config.NONE).
]]></system-out>
  <system-err><![CDATA[No such manifest file: ./AndroidManifest.xml
]]></system-err>
</testsuite>
